{"C:\\Users\\anabe\\restaurant-menus\\db.js": {"path":"C:\\Users\\anabe\\restaurant-menus\\db.js","statementMap":{"0":{"start":{"line":1,"column":13},"end":{"line":1,"column":28}},"1":{"start":{"line":2,"column":29},"end":{"line":2,"column":49}},"2":{"start":{"line":5,"column":18},"end":{"line":9,"column":2}},"3":{"start":{"line":11,"column":0},"end":{"line":14,"column":2}}},"fnMap":{},"branchMap":{},"s":{"0":1,"1":1,"2":1,"3":1},"f":{},"b":{},"_coverageSchema":"1a1c01bbd47fc00a2c39e90264f33305004495a9","hash":"1e321e84649556b436e8ea5c615e3e34ba58cf0d"}
,"C:\\Users\\anabe\\restaurant-menus\\seedData.js": {"path":"C:\\Users\\anabe\\restaurant-menus\\seedData.js","statementMap":{"0":{"start":{"line":1,"column":23},"end":{"line":17,"column":1}},"1":{"start":{"line":19,"column":17},"end":{"line":29,"column":1}},"2":{"start":{"line":31,"column":17},"end":{"line":50,"column":1}},"3":{"start":{"line":52,"column":0},"end":{"line":56,"column":2}}},"fnMap":{},"branchMap":{},"s":{"0":1,"1":1,"2":1,"3":1},"f":{},"b":{},"_coverageSchema":"1a1c01bbd47fc00a2c39e90264f33305004495a9","hash":"d9d7474906bd88ff10d482c377e5b03ba8a2ccef"}
,"C:\\Users\\anabe\\restaurant-menus\\models\\Menu.js": {"path":"C:\\Users\\anabe\\restaurant-menus\\models\\Menu.js","statementMap":{"0":{"start":{"line":1,"column":22},"end":{"line":1,"column":38}},"1":{"start":{"line":2,"column":22},"end":{"line":2,"column":42}},"2":{"start":{"line":3,"column":22},"end":{"line":3,"column":42}},"3":{"start":{"line":6,"column":11},"end":{"line":8,"column":2}},"4":{"start":{"line":10,"column":0},"end":{"line":10,"column":26}}},"fnMap":{},"branchMap":{},"s":{"0":1,"1":1,"2":1,"3":1,"4":1},"f":{},"b":{},"_coverageSchema":"1a1c01bbd47fc00a2c39e90264f33305004495a9","hash":"95c68f57b1b6e69cfb0603ed49e6c4fba7c8e86c"}
,"C:\\Users\\anabe\\restaurant-menus\\models\\Restaurant.js": {"path":"C:\\Users\\anabe\\restaurant-menus\\models\\Restaurant.js","statementMap":{"0":{"start":{"line":1,"column":22},"end":{"line":1,"column":38}},"1":{"start":{"line":2,"column":22},"end":{"line":2,"column":42}},"2":{"start":{"line":3,"column":22},"end":{"line":3,"column":42}},"3":{"start":{"line":7,"column":17},"end":{"line":11,"column":2}},"4":{"start":{"line":13,"column":0},"end":{"line":13,"column":32}}},"fnMap":{},"branchMap":{},"s":{"0":1,"1":1,"2":1,"3":1,"4":1},"f":{},"b":{},"_coverageSchema":"1a1c01bbd47fc00a2c39e90264f33305004495a9","hash":"1521d0001a5c50987b6a3a09ca1f0a5974877e84"}
,"C:\\Users\\anabe\\restaurant-menus\\models\\index.js": {"path":"C:\\Users\\anabe\\restaurant-menus\\models\\index.js","statementMap":{"0":{"start":{"line":1,"column":23},"end":{"line":1,"column":46}},"1":{"start":{"line":2,"column":17},"end":{"line":2,"column":34}},"2":{"start":{"line":3,"column":22},"end":{"line":3,"column":38}},"3":{"start":{"line":4,"column":0},"end":{"line":4,"column":38}}},"fnMap":{},"branchMap":{},"s":{"0":1,"1":1,"2":1,"3":1},"f":{},"b":{},"_coverageSchema":"1a1c01bbd47fc00a2c39e90264f33305004495a9","hash":"720f83cf1db2b0606f09fd337a6d9e5f4f2d913d"}
}
